<?xml version="1.0" encoding="UTF-8"?>
<testsuites>
    <testsuite name="as-a-user-i-should-be-able-to-remove-the-selected-item-from-the-shopping-cart;a-person-want-to-remove-the-selected-item-from-his-shoppingcart" tests="3" failures="0" skipped="0">
        <properties>
            <property name="URI" value="C:\Users\swapn\Desktop\Automation\Systembolaget\features\remove-item-shoppingcart.feature">
            </property>
        </properties>
        <testcase name="Given that a person has an 3 selected items in his shoppingcart" classname="as-a-user-i-should-be-able-to-remove-the-selected-item-from-the-shopping-cart;a-person-want-to-remove-the-selected-item-from-his-shoppingcart" time="0.018891091">
        </testcase>
        <testcase name="When the person clicks  delete on 2nd item in the shoppingcart" classname="as-a-user-i-should-be-able-to-remove-the-selected-item-from-the-shopping-cart;a-person-want-to-remove-the-selected-item-from-his-shoppingcart" time="0.000407272">
        </testcase>
        <testcase name="Then the 2nd item should be deleted from the shoppingcart" classname="as-a-user-i-should-be-able-to-remove-the-selected-item-from-the-shopping-cart;a-person-want-to-remove-the-selected-item-from-his-shoppingcart" time="0.003454233">
        </testcase>
    </testsuite>
</testsuites>