<?xml version="1.0" encoding="UTF-8"?>
<testsuites>
    <testsuite name="search-function-and-filter;a-person-wants-to-search-for-&lt;productname&gt;-using-the-filter-&quot;frankrike&quot;" tests="3" failures="0" skipped="0">
        <properties>
            <property name="URI" value="C:\Users\Bbbeamz\Desktop\Systembolaget Grupp arb\Systembolaget\features\search-beverage.feature">
            </property>
        </properties>
        <testcase name="Given that a user is on the mainpage" classname="search-function-and-filter;a-person-wants-to-search-for-&lt;productname&gt;-using-the-filter-&quot;frankrike&quot;" time="0.000419008">
        </testcase>
        <testcase name="When a search is executed with the text: &quot;Carlsberg&quot; and filter: &quot;Frankrike&quot;" classname="search-function-and-filter;a-person-wants-to-search-for-&lt;productname&gt;-using-the-filter-&quot;frankrike&quot;" time="0.000075488">
        </testcase>
        <testcase name="Then products matching the &quot;Carlsberg&quot; and &quot;Frankrike&quot; will show up" classname="search-function-and-filter;a-person-wants-to-search-for-&lt;productname&gt;-using-the-filter-&quot;frankrike&quot;" time="0.000079864">
        </testcase>
    </testsuite>
    <testsuite name="search-function-and-filter;a-person-wants-to-search-for-&lt;productname&gt;-using-the-filter-&quot;pris:-1-120&quot;" tests="3" failures="0" skipped="0">
        <properties>
            <property name="URI" value="C:\Users\Bbbeamz\Desktop\Systembolaget Grupp arb\Systembolaget\features\search-beverage.feature">
            </property>
        </properties>
        <testcase name="Given that a user is on the mainpage" classname="search-function-and-filter;a-person-wants-to-search-for-&lt;productname&gt;-using-the-filter-&quot;pris:-1-120&quot;" time="0.00003829">
        </testcase>
        <testcase name="When a search is executed with the text: &quot;Veteöl&quot; and filter: &quot;Pris: 1-120&quot;" classname="search-function-and-filter;a-person-wants-to-search-for-&lt;productname&gt;-using-the-filter-&quot;pris:-1-120&quot;" time="0.000035374">
        </testcase>
        <testcase name="Then products matching the &quot;Veteöl&quot; and &quot;Pris: 1-120&quot; will show up" classname="search-function-and-filter;a-person-wants-to-search-for-&lt;productname&gt;-using-the-filter-&quot;pris:-1-120&quot;" time="0.000045584">
        </testcase>
    </testsuite>
    <testsuite name="search-function-and-filter;a-person-wants-to-search-for-&lt;productname&gt;-using-the-filter-&quot;övriga&quot;" tests="3" failures="0" skipped="0">
        <properties>
            <property name="URI" value="C:\Users\Bbbeamz\Desktop\Systembolaget Grupp arb\Systembolaget\features\search-beverage.feature">
            </property>
        </properties>
        <testcase name="Given that a user is on the mainpage" classname="search-function-and-filter;a-person-wants-to-search-for-&lt;productname&gt;-using-the-filter-&quot;övriga&quot;" time="0.000036467">
        </testcase>
        <testcase name="When a search is executed with the text: &quot;Rött Vin&quot; and filter: &quot;Övriga&quot;" classname="search-function-and-filter;a-person-wants-to-search-for-&lt;productname&gt;-using-the-filter-&quot;övriga&quot;" time="0.000049596">
        </testcase>
        <testcase name="Then products matching the &quot;Rött Vin&quot; and &quot;Övriga&quot; will show up" classname="search-function-and-filter;a-person-wants-to-search-for-&lt;productname&gt;-using-the-filter-&quot;övriga&quot;" time="0.000034644">
        </testcase>
    </testsuite>
    <testsuite name="search-function-and-filter;a-person-wants-to-search-for-&lt;productname&gt;-using-the-filter-&quot;ryssland&quot;" tests="3" failures="0" skipped="0">
        <properties>
            <property name="URI" value="C:\Users\Bbbeamz\Desktop\Systembolaget Grupp arb\Systembolaget\features\search-beverage.feature">
            </property>
        </properties>
        <testcase name="Given that a user is on the mainpage" classname="search-function-and-filter;a-person-wants-to-search-for-&lt;productname&gt;-using-the-filter-&quot;ryssland&quot;" time="0.000040479">
        </testcase>
        <testcase name="When a search is executed with the text: &quot;Vodka&quot; and filter: &quot;Ryssland&quot;" classname="search-function-and-filter;a-person-wants-to-search-for-&lt;productname&gt;-using-the-filter-&quot;ryssland&quot;" time="0.000051419">
        </testcase>
        <testcase name="Then products matching the &quot;Vodka&quot; and &quot;Ryssland&quot; will show up" classname="search-function-and-filter;a-person-wants-to-search-for-&lt;productname&gt;-using-the-filter-&quot;ryssland&quot;" time="0.00004923">
        </testcase>
    </testsuite>
    <testsuite name="search-function-and-filter;a-person-wants-to-search-for-&lt;productname&gt;-using-the-filter-&quot;sverige&quot;" tests="3" failures="0" skipped="0">
        <properties>
            <property name="URI" value="C:\Users\Bbbeamz\Desktop\Systembolaget Grupp arb\Systembolaget\features\search-beverage.feature">
            </property>
        </properties>
        <testcase name="Given that a user is on the mainpage" classname="search-function-and-filter;a-person-wants-to-search-for-&lt;productname&gt;-using-the-filter-&quot;sverige&quot;" time="0.000038291">
        </testcase>
        <testcase name="When a search is executed with the text: &quot;Volvo&quot; and filter: &quot;Sverige&quot;" classname="search-function-and-filter;a-person-wants-to-search-for-&lt;productname&gt;-using-the-filter-&quot;sverige&quot;" time="0.000037926">
        </testcase>
        <testcase name="Then products matching the &quot;Volvo&quot; and &quot;Sverige&quot; will show up" classname="search-function-and-filter;a-person-wants-to-search-for-&lt;productname&gt;-using-the-filter-&quot;sverige&quot;" time="0.000050325">
        </testcase>
    </testsuite>
</testsuites>