<?xml version="1.0" encoding="UTF-8"?>
<testsuites>
    <testsuite name="as-a-user-i-want-to-choose/see-certain-categories-of-beverages;the-user-want-to-get-the-information-of-certain-categories-of-beveragess" tests="3" failures="0" skipped="0">
        <properties>
            <property name="URI" value="C:\Users\swapn\Desktop\Automation\Systembolaget\features\category-information.feature">
            </property>
        </properties>
        <testcase name="Given that the person is a registered user" classname="as-a-user-i-want-to-choose/see-certain-categories-of-beverages;the-user-want-to-get-the-information-of-certain-categories-of-beveragess" time="0.000315945">
        </testcase>
        <testcase name="When the user clicks on products/certain categories" classname="as-a-user-i-want-to-choose/see-certain-categories-of-beverages;the-user-want-to-get-the-information-of-certain-categories-of-beveragess" time="0.000282446">
        </testcase>
        <testcase name="Then the user should be able to see the information of that product" classname="as-a-user-i-want-to-choose/see-certain-categories-of-beverages;the-user-want-to-get-the-information-of-certain-categories-of-beveragess" time="0.00047568">
        </testcase>
    </testsuite>
</testsuites>